<?xml version="1.0" encoding="UTF-8"?>
<!-- Generated by org.testng.reporters.JUnitXMLReporter -->
<testsuite hostname="Hari" name="Test" tests="9" failures="0" timestamp="2 Jan 2020 12:31:44 GMT" time="55.964" errors="0">
  <testcase name="verifyChk" time="3.775" classname="test.DressPageTest"/>
  <testcase name="verifyMatchr" time="3.048" classname="test.DressPageTest"/>
  <testcase name="verifyNewsl" time="5.389" classname="test.DressPageTest"/>
  <testcase name="verifyProductd" time="6.732" classname="test.DressPageTest"/>
  <testcase name="verifyTab" time="0.411" classname="test.HomePageTest"/>
  <testcase name="verifyUrl" time="2.865" classname="test.HomePageTest"/>
  <testcase name="VerifyLogin" time="5.825" classname="test.OrangeHRMTest"/>
  <testcase name="VerifyLogin" time="1.774" classname="test.OrangeHRMTest"/>
  <testcase name="VerifyLogin" time="2.684" classname="test.OrangeHRMTest"/>
</testsuite> <!-- Test -->
