<?xml version="1.0" encoding="UTF-8"?>
<!-- Generated by org.testng.reporters.JUnitXMLReporter -->
<testsuite hostname="Hari" name="Test" tests="9" failures="0" timestamp="6 Jan 2020 07:34:56 GMT" time="51.227" errors="0">
  <testcase name="verifyChk" time="4.731" classname="test.DressPageTest"/>
  <testcase name="verifyMatchr" time="2.869" classname="test.DressPageTest"/>
  <testcase name="verifyNewsl" time="3.765" classname="test.DressPageTest"/>
  <testcase name="verifyProductd" time="6.415" classname="test.DressPageTest"/>
  <testcase name="verifyTab" time="0.284" classname="test.HomePageTest"/>
  <testcase name="verifyUrl" time="2.499" classname="test.HomePageTest"/>
  <testcase name="VerifyLogin" time="4.239" classname="test.OrangeHRMTest"/>
  <testcase name="VerifyLogin" time="1.444" classname="test.OrangeHRMTest"/>
  <testcase name="VerifyLogin" time="2.146" classname="test.OrangeHRMTest"/>
</testsuite> <!-- Test -->
